<?xml version="1.0" encoding="UTF-8"?>
<testng-results ignored="0" total="1" passed="1" failed="0" skipped="0">
  <reporter-output>
  </reporter-output>
  <suite started-at="2025-06-24T15:20:48 IST" name="FormSuite" finished-at="2025-06-24T15:23:30 IST" duration-ms="162508">
    <groups>
    </groups>
    <test started-at="2025-06-24T15:20:48 IST" name="Form Test" finished-at="2025-06-24T15:23:30 IST" duration-ms="162508">
      <class name="tests.Sprint_1.Forms_Management_Create_New_Form">
        <test-method is-config="true" signature="setupExtentReport()[pri:0, instance:tests.Sprint_1.Forms_Management_Create_New_Form@233795b6]" started-at="2025-06-24T15:20:48 IST" name="setupExtentReport" finished-at="2025-06-24T15:20:48 IST" duration-ms="152" status="PASS">
          <reporter-output>
          </reporter-output>
        </test-method> <!-- setupExtentReport -->
        <test-method is-config="true" signature="setupBrowser()[pri:0, instance:tests.Sprint_1.Forms_Management_Create_New_Form@233795b6]" started-at="2025-06-24T15:20:48 IST" name="setupBrowser" finished-at="2025-06-24T15:20:49 IST" duration-ms="1361" status="PASS">
          <reporter-output>
          </reporter-output>
        </test-method> <!-- setupBrowser -->
        <test-method signature="createFormFlow()[pri:0, instance:tests.Sprint_1.Forms_Management_Create_New_Form@233795b6]" started-at="2025-06-24T15:20:49 IST" name="createFormFlow" finished-at="2025-06-24T15:23:30 IST" duration-ms="161123" status="PASS">
          <reporter-output>
          </reporter-output>
        </test-method> <!-- createFormFlow -->
        <test-method is-config="true" signature="tearDown()[pri:0, instance:tests.Sprint_1.Forms_Management_Create_New_Form@233795b6]" started-at="2025-06-24T15:23:30 IST" name="tearDown" finished-at="2025-06-24T15:23:30 IST" duration-ms="1" status="PASS">
          <reporter-output>
          </reporter-output>
        </test-method> <!-- tearDown -->
        <test-method is-config="true" signature="flushExtentReport()[pri:0, instance:tests.Sprint_1.Forms_Management_Create_New_Form@233795b6]" started-at="2025-06-24T15:23:30 IST" name="flushExtentReport" finished-at="2025-06-24T15:23:31 IST" duration-ms="253" status="PASS">
          <reporter-output>
          </reporter-output>
        </test-method> <!-- flushExtentReport -->
      </class> <!-- tests.Sprint_1.Forms_Management_Create_New_Form -->
    </test> <!-- Form Test -->
  </suite> <!-- FormSuite -->
</testng-results>
